Symlinking /home/lounes_bh/tiago_ws/devel/lib/python3/dist-packages/tiago_pick_demo/__init__.py
Symlinking /home/lounes_bh/tiago_ws/devel/lib/python3/dist-packages/tiago_pick_demo/msg/_PickUpPoseGoal.py
Symlinking /home/lounes_bh/tiago_ws/devel/lib/python3/dist-packages/tiago_pick_demo/msg/_PickUpPoseActionResult.py
Symlinking /home/lounes_bh/tiago_ws/devel/lib/python3/dist-packages/tiago_pick_demo/msg/_PickUpPoseResult.py
Symlinking /home/lounes_bh/tiago_ws/devel/lib/python3/dist-packages/tiago_pick_demo/msg/_PickUpPoseActionFeedback.py
Symlinking /home/lounes_bh/tiago_ws/devel/lib/python3/dist-packages/tiago_pick_demo/msg/_PickUpPoseAction.py
Symlinking /home/lounes_bh/tiago_ws/devel/lib/python3/dist-packages/tiago_pick_demo/msg/_PickUpPoseActionGoal.py
Symlinking /home/lounes_bh/tiago_ws/devel/lib/python3/dist-packages/tiago_pick_demo/msg/__init__.py
Symlinking /home/lounes_bh/tiago_ws/devel/lib/python3/dist-packages/tiago_pick_demo/msg/_PickUpPoseFeedback.py
Symlinking /home/lounes_bh/tiago_ws/devel/lib/python3/dist-packages/tiago_pick_demo/cfg/SphericalGraspConfig.py
Symlinking /home/lounes_bh/tiago_ws/devel/lib/python3/dist-packages/tiago_pick_demo/cfg/__init__.py
Symlinking /home/lounes_bh/tiago_ws/devel/lib/pkgconfig/tiago_pick_demo.pc
Symlinking /home/lounes_bh/tiago_ws/devel/share/common-lisp/ros/tiago_pick_demo/msg/PickUpPoseFeedback.lisp
Symlinking /home/lounes_bh/tiago_ws/devel/share/common-lisp/ros/tiago_pick_demo/msg/tiago_pick_demo-msg.asd
Symlinking /home/lounes_bh/tiago_ws/devel/share/common-lisp/ros/tiago_pick_demo/msg/_package_PickUpPoseActionGoal.lisp
Symlinking /home/lounes_bh/tiago_ws/devel/share/common-lisp/ros/tiago_pick_demo/msg/_package.lisp
Symlinking /home/lounes_bh/tiago_ws/devel/share/common-lisp/ros/tiago_pick_demo/msg/PickUpPoseResult.lisp
Symlinking /home/lounes_bh/tiago_ws/devel/share/common-lisp/ros/tiago_pick_demo/msg/PickUpPoseActionFeedback.lisp
Symlinking /home/lounes_bh/tiago_ws/devel/share/common-lisp/ros/tiago_pick_demo/msg/_package_PickUpPoseResult.lisp
Symlinking /home/lounes_bh/tiago_ws/devel/share/common-lisp/ros/tiago_pick_demo/msg/PickUpPoseActionGoal.lisp
Symlinking /home/lounes_bh/tiago_ws/devel/share/common-lisp/ros/tiago_pick_demo/msg/_package_PickUpPoseGoal.lisp
Symlinking /home/lounes_bh/tiago_ws/devel/share/common-lisp/ros/tiago_pick_demo/msg/_package_PickUpPoseFeedback.lisp
Symlinking /home/lounes_bh/tiago_ws/devel/share/common-lisp/ros/tiago_pick_demo/msg/_package_PickUpPoseAction.lisp
Symlinking /home/lounes_bh/tiago_ws/devel/share/common-lisp/ros/tiago_pick_demo/msg/PickUpPoseActionResult.lisp
Symlinking /home/lounes_bh/tiago_ws/devel/share/common-lisp/ros/tiago_pick_demo/msg/_package_PickUpPoseActionFeedback.lisp
Symlinking /home/lounes_bh/tiago_ws/devel/share/common-lisp/ros/tiago_pick_demo/msg/_package_PickUpPoseActionResult.lisp
Symlinking /home/lounes_bh/tiago_ws/devel/share/common-lisp/ros/tiago_pick_demo/msg/PickUpPoseAction.lisp
Symlinking /home/lounes_bh/tiago_ws/devel/share/common-lisp/ros/tiago_pick_demo/msg/PickUpPoseGoal.lisp
Symlinking /home/lounes_bh/tiago_ws/devel/share/gennodejs/ros/tiago_pick_demo/_index.js
Symlinking /home/lounes_bh/tiago_ws/devel/share/gennodejs/ros/tiago_pick_demo/msg/_index.js
Symlinking /home/lounes_bh/tiago_ws/devel/share/gennodejs/ros/tiago_pick_demo/msg/PickUpPoseResult.js
Symlinking /home/lounes_bh/tiago_ws/devel/share/gennodejs/ros/tiago_pick_demo/msg/PickUpPoseActionGoal.js
Symlinking /home/lounes_bh/tiago_ws/devel/share/gennodejs/ros/tiago_pick_demo/msg/PickUpPoseFeedback.js
Symlinking /home/lounes_bh/tiago_ws/devel/share/gennodejs/ros/tiago_pick_demo/msg/PickUpPoseAction.js
Symlinking /home/lounes_bh/tiago_ws/devel/share/gennodejs/ros/tiago_pick_demo/msg/PickUpPoseGoal.js
Symlinking /home/lounes_bh/tiago_ws/devel/share/gennodejs/ros/tiago_pick_demo/msg/PickUpPoseActionFeedback.js
Symlinking /home/lounes_bh/tiago_ws/devel/share/gennodejs/ros/tiago_pick_demo/msg/PickUpPoseActionResult.js
Symlinking /home/lounes_bh/tiago_ws/devel/share/tiago_pick_demo/msg/PickUpPoseAction.msg
Symlinking /home/lounes_bh/tiago_ws/devel/share/tiago_pick_demo/msg/PickUpPoseActionResult.msg
Symlinking /home/lounes_bh/tiago_ws/devel/share/tiago_pick_demo/msg/PickUpPoseActionGoal.msg
Symlinking /home/lounes_bh/tiago_ws/devel/share/tiago_pick_demo/msg/PickUpPoseGoal.msg
Symlinking /home/lounes_bh/tiago_ws/devel/share/tiago_pick_demo/msg/PickUpPoseActionFeedback.msg
Symlinking /home/lounes_bh/tiago_ws/devel/share/tiago_pick_demo/msg/PickUpPoseFeedback.msg
Symlinking /home/lounes_bh/tiago_ws/devel/share/tiago_pick_demo/msg/PickUpPoseResult.msg
Symlinking /home/lounes_bh/tiago_ws/devel/share/tiago_pick_demo/cmake/tiago_pick_demoConfig-version.cmake
Symlinking /home/lounes_bh/tiago_ws/devel/share/tiago_pick_demo/cmake/tiago_pick_demoConfig.cmake
Symlinking /home/lounes_bh/tiago_ws/devel/share/tiago_pick_demo/cmake/tiago_pick_demo-msg-paths.cmake
Symlinking /home/lounes_bh/tiago_ws/devel/share/tiago_pick_demo/cmake/tiago_pick_demo-msg-extras.cmake
Symlinking /home/lounes_bh/tiago_ws/devel/share/tiago_pick_demo/docs/SphericalGraspConfig.dox
Symlinking /home/lounes_bh/tiago_ws/devel/share/tiago_pick_demo/docs/SphericalGraspConfig-usage.dox
Symlinking /home/lounes_bh/tiago_ws/devel/share/tiago_pick_demo/docs/SphericalGraspConfig.wikidoc
Symlinking /home/lounes_bh/tiago_ws/devel/share/roseus/ros/tiago_pick_demo/manifest.l
Symlinking /home/lounes_bh/tiago_ws/devel/share/roseus/ros/tiago_pick_demo/msg/PickUpPoseResult.l
Symlinking /home/lounes_bh/tiago_ws/devel/share/roseus/ros/tiago_pick_demo/msg/PickUpPoseActionFeedback.l
Symlinking /home/lounes_bh/tiago_ws/devel/share/roseus/ros/tiago_pick_demo/msg/PickUpPoseActionResult.l
Symlinking /home/lounes_bh/tiago_ws/devel/share/roseus/ros/tiago_pick_demo/msg/PickUpPoseActionGoal.l
Symlinking /home/lounes_bh/tiago_ws/devel/share/roseus/ros/tiago_pick_demo/msg/PickUpPoseGoal.l
Symlinking /home/lounes_bh/tiago_ws/devel/share/roseus/ros/tiago_pick_demo/msg/PickUpPoseAction.l
Symlinking /home/lounes_bh/tiago_ws/devel/share/roseus/ros/tiago_pick_demo/msg/PickUpPoseFeedback.l
Symlinking /home/lounes_bh/tiago_ws/devel/include/tiago_pick_demo/PickUpPoseFeedback.h
Symlinking /home/lounes_bh/tiago_ws/devel/include/tiago_pick_demo/SphericalGraspConfig.h
Symlinking /home/lounes_bh/tiago_ws/devel/include/tiago_pick_demo/PickUpPoseResult.h
Symlinking /home/lounes_bh/tiago_ws/devel/include/tiago_pick_demo/PickUpPoseActionResult.h
Symlinking /home/lounes_bh/tiago_ws/devel/include/tiago_pick_demo/PickUpPoseGoal.h
Symlinking /home/lounes_bh/tiago_ws/devel/include/tiago_pick_demo/PickUpPoseActionGoal.h
Symlinking /home/lounes_bh/tiago_ws/devel/include/tiago_pick_demo/PickUpPoseActionFeedback.h
Symlinking /home/lounes_bh/tiago_ws/devel/include/tiago_pick_demo/PickUpPoseAction.h
