[35m[1mScanning dependencies of target pm_rrbot[0m
[  7%] [32mBuilding CXX object CMakeFiles/pm_rrbot.dir/test/rrbot.cpp.o[0m
[35m[1mScanning dependencies of target play_motion_helpers[0m
[ 15%] [32mBuilding CXX object CMakeFiles/play_motion_helpers.dir/src/play_motion_helpers.cpp.o[0m
[35m[1mScanning dependencies of target play_motion_msgs_generate_messages_cpp[0m
[ 15%] Built target play_motion_msgs_generate_messages_cpp
[35m[1mScanning dependencies of target diagnostic_msgs_generate_messages_nodejs[0m
[ 15%] Built target diagnostic_msgs_generate_messages_nodejs
[35m[1mScanning dependencies of target controller_manager_msgs_generate_messages_py[0m
[ 15%] Built target controller_manager_msgs_generate_messages_py
[35m[1mScanning dependencies of target actionlib_msgs_generate_messages_cpp[0m
[ 15%] Built target actionlib_msgs_generate_messages_cpp
[35m[1mScanning dependencies of target trajectory_msgs_generate_messages_py[0m
[ 15%] Built target trajectory_msgs_generate_messages_py
[35m[1mScanning dependencies of target rosgraph_msgs_generate_messages_cpp[0m
[ 15%] Built target rosgraph_msgs_generate_messages_cpp
[35m[1mScanning dependencies of target trajectory_msgs_generate_messages_lisp[0m
[ 15%] Built target trajectory_msgs_generate_messages_lisp
[35m[1mScanning dependencies of target shape_msgs_generate_messages_lisp[0m
[ 15%] Built target shape_msgs_generate_messages_lisp
[35m[1mScanning dependencies of target moveit_msgs_generate_messages_eus[0m
[ 15%] Built target moveit_msgs_generate_messages_eus
[35m[1mScanning dependencies of target geometry_msgs_generate_messages_py[0m
[ 15%] Built target geometry_msgs_generate_messages_py
[35m[1mScanning dependencies of target geometry_msgs_generate_messages_nodejs[0m
[ 15%] Built target geometry_msgs_generate_messages_nodejs
[35m[1mScanning dependencies of target dynamic_reconfigure_generate_messages_eus[0m
[ 15%] Built target dynamic_reconfigure_generate_messages_eus
[35m[1mScanning dependencies of target geometry_msgs_generate_messages_cpp[0m
[ 15%] Built target geometry_msgs_generate_messages_cpp
[35m[1mScanning dependencies of target moveit_msgs_generate_messages_cpp[0m
[ 15%] Built target moveit_msgs_generate_messages_cpp
[35m[1mScanning dependencies of target control_msgs_generate_messages_nodejs[0m
[ 15%] Built target control_msgs_generate_messages_nodejs
[35m[1mScanning dependencies of target dynamic_reconfigure_generate_messages_py[0m
[ 15%] Built target dynamic_reconfigure_generate_messages_py
[35m[1mScanning dependencies of target play_motion_msgs_generate_messages_py[0m
[ 15%] Built target play_motion_msgs_generate_messages_py
[35m[1mScanning dependencies of target std_msgs_generate_messages_nodejs[0m
[ 15%] Built target std_msgs_generate_messages_nodejs
[35m[1mScanning dependencies of target control_msgs_generate_messages_cpp[0m
[ 15%] Built target control_msgs_generate_messages_cpp
[35m[1mScanning dependencies of target moveit_msgs_generate_messages_nodejs[0m
[ 15%] Built target moveit_msgs_generate_messages_nodejs
[35m[1mScanning dependencies of target control_msgs_generate_messages_lisp[0m
[ 15%] Built target control_msgs_generate_messages_lisp
[35m[1mScanning dependencies of target tf2_msgs_generate_messages_nodejs[0m
[ 15%] Built target tf2_msgs_generate_messages_nodejs
[35m[1mScanning dependencies of target sensor_msgs_generate_messages_lisp[0m
[ 15%] Built target sensor_msgs_generate_messages_lisp
[35m[1mScanning dependencies of target rosgraph_msgs_generate_messages_eus[0m
[ 15%] Built target rosgraph_msgs_generate_messages_eus
[35m[1mScanning dependencies of target moveit_ros_planning_gencfg[0m
[ 15%] Built target moveit_ros_planning_gencfg
[35m[1mScanning dependencies of target controller_manager_msgs_generate_messages_lisp[0m
[ 15%] Built target controller_manager_msgs_generate_messages_lisp
[35m[1mScanning dependencies of target std_srvs_generate_messages_cpp[0m
[ 15%] Built target std_srvs_generate_messages_cpp
[35m[1mScanning dependencies of target trajectory_msgs_generate_messages_eus[0m
[ 15%] Built target trajectory_msgs_generate_messages_eus
[35m[1mScanning dependencies of target object_recognition_msgs_generate_messages_lisp[0m
[ 15%] Built target object_recognition_msgs_generate_messages_lisp
[35m[1mScanning dependencies of target play_motion_msgs_generate_messages_nodejs[0m
[ 15%] Built target play_motion_msgs_generate_messages_nodejs
[35m[1mScanning dependencies of target actionlib_msgs_generate_messages_nodejs[0m
[ 15%] Built target actionlib_msgs_generate_messages_nodejs
[35m[1mScanning dependencies of target tf_generate_messages_py[0m
[ 15%] Built target tf_generate_messages_py
[35m[1mScanning dependencies of target shape_msgs_generate_messages_nodejs[0m
[ 15%] Built target shape_msgs_generate_messages_nodejs
[35m[1mScanning dependencies of target diagnostic_msgs_generate_messages_cpp[0m
[ 15%] Built target diagnostic_msgs_generate_messages_cpp
[35m[1mScanning dependencies of target trajectory_msgs_generate_messages_nodejs[0m
[ 15%] Built target trajectory_msgs_generate_messages_nodejs
[35m[1mScanning dependencies of target control_msgs_generate_messages_eus[0m
[ 15%] Built target control_msgs_generate_messages_eus
[35m[1mScanning dependencies of target tf_generate_messages_cpp[0m
[ 15%] Built target tf_generate_messages_cpp
[35m[1mScanning dependencies of target std_srvs_generate_messages_py[0m
[ 15%] Built target std_srvs_generate_messages_py
[35m[1mScanning dependencies of target actionlib_generate_messages_nodejs[0m
[ 15%] Built target actionlib_generate_messages_nodejs
[35m[1mScanning dependencies of target controller_manager_msgs_generate_messages_eus[0m
[ 15%] Built target controller_manager_msgs_generate_messages_eus
[35m[1mScanning dependencies of target _catkin_empty_exported_target[0m
[ 15%] Built target _catkin_empty_exported_target
[35m[1mScanning dependencies of target actionlib_generate_messages_lisp[0m
[ 15%] Built target actionlib_generate_messages_lisp
[35m[1mScanning dependencies of target trajectory_msgs_generate_messages_cpp[0m
[ 15%] Built target trajectory_msgs_generate_messages_cpp
[35m[1mScanning dependencies of target actionlib_generate_messages_py[0m
[ 15%] Built target actionlib_generate_messages_py
[35m[1mScanning dependencies of target diagnostic_msgs_generate_messages_lisp[0m
[ 15%] Built target diagnostic_msgs_generate_messages_lisp
[35m[1mScanning dependencies of target rosgraph_msgs_generate_messages_lisp[0m
[ 15%] Built target rosgraph_msgs_generate_messages_lisp
[35m[1mScanning dependencies of target visualization_msgs_generate_messages_cpp[0m
[ 15%] Built target visualization_msgs_generate_messages_cpp
[35m[1mScanning dependencies of target tf_generate_messages_eus[0m
[ 15%] Built target tf_generate_messages_eus
[35m[1mScanning dependencies of target rosgraph_msgs_generate_messages_nodejs[0m
[ 15%] Built target rosgraph_msgs_generate_messages_nodejs
[35m[1mScanning dependencies of target controller_manager_msgs_generate_messages_cpp[0m
[ 15%] Built target controller_manager_msgs_generate_messages_cpp
[35m[1mScanning dependencies of target object_recognition_msgs_generate_messages_py[0m
[ 15%] Built target object_recognition_msgs_generate_messages_py
[35m[1mScanning dependencies of target actionlib_generate_messages_cpp[0m
[ 15%] Built target actionlib_generate_messages_cpp
[35m[1mScanning dependencies of target control_msgs_generate_messages_py[0m
[ 15%] Built target control_msgs_generate_messages_py
[35m[1mScanning dependencies of target moveit_msgs_generate_messages_lisp[0m
[ 15%] Built target moveit_msgs_generate_messages_lisp
[35m[1mScanning dependencies of target actionlib_msgs_generate_messages_py[0m
[ 15%] Built target actionlib_msgs_generate_messages_py
[35m[1mScanning dependencies of target std_msgs_generate_messages_cpp[0m
[ 15%] Built target std_msgs_generate_messages_cpp
[35m[1mScanning dependencies of target roscpp_generate_messages_nodejs[0m
[ 15%] Built target roscpp_generate_messages_nodejs
[35m[1mScanning dependencies of target actionlib_msgs_generate_messages_lisp[0m
[ 15%] Built target actionlib_msgs_generate_messages_lisp
[35m[1mScanning dependencies of target geometry_msgs_generate_messages_eus[0m
[ 15%] Built target geometry_msgs_generate_messages_eus
[35m[1mScanning dependencies of target roscpp_generate_messages_cpp[0m
[ 15%] Built target roscpp_generate_messages_cpp
[35m[1mScanning dependencies of target roscpp_generate_messages_eus[0m
[ 15%] Built target roscpp_generate_messages_eus
[35m[1mScanning dependencies of target moveit_msgs_generate_messages_py[0m
[ 15%] Built target moveit_msgs_generate_messages_py
[35m[1mScanning dependencies of target sensor_msgs_generate_messages_cpp[0m
[ 15%] Built target sensor_msgs_generate_messages_cpp
[35m[1mScanning dependencies of target roscpp_generate_messages_py[0m
[ 15%] Built target roscpp_generate_messages_py
[35m[1mScanning dependencies of target sensor_msgs_generate_messages_nodejs[0m
[ 15%] Built target sensor_msgs_generate_messages_nodejs
[35m[1mScanning dependencies of target sensor_msgs_generate_messages_py[0m
[ 15%] Built target sensor_msgs_generate_messages_py
[35m[1mScanning dependencies of target tf2_msgs_generate_messages_eus[0m
[ 15%] Built target tf2_msgs_generate_messages_eus
[35m[1mScanning dependencies of target play_motion_msgs_generate_messages_lisp[0m
[ 15%] Built target play_motion_msgs_generate_messages_lisp
[35m[1mScanning dependencies of target sensor_msgs_generate_messages_eus[0m
[ 15%] Built target sensor_msgs_generate_messages_eus
[35m[1mScanning dependencies of target shape_msgs_generate_messages_cpp[0m
[ 15%] Built target shape_msgs_generate_messages_cpp
[35m[1mScanning dependencies of target moveit_ros_manipulation_gencfg[0m
[ 15%] Built target moveit_ros_manipulation_gencfg
[35m[1mScanning dependencies of target geometry_msgs_generate_messages_lisp[0m
[ 15%] Built target geometry_msgs_generate_messages_lisp
[35m[1mScanning dependencies of target shape_msgs_generate_messages_eus[0m
[ 15%] Built target shape_msgs_generate_messages_eus
[35m[1mScanning dependencies of target play_motion_msgs_generate_messages_eus[0m
[ 15%] Built target play_motion_msgs_generate_messages_eus
[35m[1mScanning dependencies of target std_msgs_generate_messages_py[0m
[ 15%] Built target std_msgs_generate_messages_py
[35m[1mScanning dependencies of target object_recognition_msgs_generate_messages_cpp[0m
[ 15%] Built target object_recognition_msgs_generate_messages_cpp
[35m[1mScanning dependencies of target object_recognition_msgs_generate_messages_eus[0m
[ 15%] Built target object_recognition_msgs_generate_messages_eus
[35m[1mScanning dependencies of target actionlib_msgs_generate_messages_eus[0m
[ 15%] Built target actionlib_msgs_generate_messages_eus
[35m[1mScanning dependencies of target object_recognition_msgs_generate_messages_nodejs[0m
[ 15%] Built target object_recognition_msgs_generate_messages_nodejs
[35m[1mScanning dependencies of target std_msgs_generate_messages_lisp[0m
[ 15%] Built target std_msgs_generate_messages_lisp
[35m[1mScanning dependencies of target controller_manager_msgs_generate_messages_nodejs[0m
[ 15%] Built target controller_manager_msgs_generate_messages_nodejs
[35m[1mScanning dependencies of target octomap_msgs_generate_messages_cpp[0m
[ 15%] Built target octomap_msgs_generate_messages_cpp
[35m[1mScanning dependencies of target octomap_msgs_generate_messages_lisp[0m
[ 15%] Built target octomap_msgs_generate_messages_lisp
[35m[1mScanning dependencies of target actionlib_generate_messages_eus[0m
[ 15%] Built target actionlib_generate_messages_eus
[35m[1mScanning dependencies of target octomap_msgs_generate_messages_nodejs[0m
[ 15%] Built target octomap_msgs_generate_messages_nodejs
[35m[1mScanning dependencies of target diagnostic_msgs_generate_messages_py[0m
[ 15%] Built target diagnostic_msgs_generate_messages_py
[35m[1mScanning dependencies of target dynamic_reconfigure_generate_messages_cpp[0m
[ 15%] Built target dynamic_reconfigure_generate_messages_cpp
[35m[1mScanning dependencies of target dynamic_reconfigure_generate_messages_lisp[0m
[ 15%] Built target dynamic_reconfigure_generate_messages_lisp
[35m[1mScanning dependencies of target tf2_msgs_generate_messages_cpp[0m
[ 15%] Built target tf2_msgs_generate_messages_cpp
[35m[1mScanning dependencies of target dynamic_reconfigure_generate_messages_nodejs[0m
[ 15%] Built target dynamic_reconfigure_generate_messages_nodejs
[35m[1mScanning dependencies of target tf2_msgs_generate_messages_py[0m
[ 15%] Built target tf2_msgs_generate_messages_py
[35m[1mScanning dependencies of target dynamic_reconfigure_gencfg[0m
[ 15%] Built target dynamic_reconfigure_gencfg
[35m[1mScanning dependencies of target octomap_msgs_generate_messages_eus[0m
[ 15%] Built target octomap_msgs_generate_messages_eus
[35m[1mScanning dependencies of target visualization_msgs_generate_messages_eus[0m
[ 15%] Built target visualization_msgs_generate_messages_eus
[35m[1mScanning dependencies of target visualization_msgs_generate_messages_lisp[0m
[ 15%] Built target visualization_msgs_generate_messages_lisp
[35m[1mScanning dependencies of target rosgraph_msgs_generate_messages_py[0m
[ 15%] Built target rosgraph_msgs_generate_messages_py
[35m[1mScanning dependencies of target visualization_msgs_generate_messages_nodejs[0m
[ 15%] Built target visualization_msgs_generate_messages_nodejs
[35m[1mScanning dependencies of target visualization_msgs_generate_messages_py[0m
[ 15%] Built target visualization_msgs_generate_messages_py
[35m[1mScanning dependencies of target octomap_msgs_generate_messages_py[0m
[ 15%] Built target octomap_msgs_generate_messages_py
[35m[1mScanning dependencies of target tf2_msgs_generate_messages_lisp[0m
[ 15%] Built target tf2_msgs_generate_messages_lisp
[35m[1mScanning dependencies of target tf_generate_messages_lisp[0m
[ 15%] Built target tf_generate_messages_lisp
[35m[1mScanning dependencies of target shape_msgs_generate_messages_py[0m
[ 15%] Built target shape_msgs_generate_messages_py
[35m[1mScanning dependencies of target tf_generate_messages_nodejs[0m
[ 15%] Built target tf_generate_messages_nodejs
[35m[1mScanning dependencies of target std_srvs_generate_messages_eus[0m
[ 23%] [32m[1mLinking CXX shared library /home/lounes_bh/tiago_ws/devel/.private/play_motion/lib/libplay_motion_helpers.so[0m
[ 23%] Built target std_srvs_generate_messages_eus
[35m[1mScanning dependencies of target roscpp_generate_messages_lisp[0m
[ 23%] Built target roscpp_generate_messages_lisp
[ 23%] Built target play_motion_helpers
[35m[1mScanning dependencies of target std_msgs_generate_messages_eus[0m
[ 23%] Built target std_msgs_generate_messages_eus
[35m[1mScanning dependencies of target std_srvs_generate_messages_lisp[0m
[ 23%] Built target std_srvs_generate_messages_lisp
[35m[1mScanning dependencies of target std_srvs_generate_messages_nodejs[0m
[ 23%] Built target std_srvs_generate_messages_nodejs
[35m[1mScanning dependencies of target diagnostic_msgs_generate_messages_eus[0m
[ 23%] Built target diagnostic_msgs_generate_messages_eus
[35m[1mScanning dependencies of target play_motion[0m
[ 30%] [32mBuilding CXX object CMakeFiles/play_motion.dir/src/play_motion_main.cpp.o[0m
[ 38%] [32m[1mLinking CXX executable /home/lounes_bh/tiago_ws/devel/.private/play_motion/lib/play_motion/pm_rrbot[0m
[ 38%] Built target pm_rrbot
[35m[1mScanning dependencies of target run_motion[0m
[ 46%] [32mBuilding CXX object CMakeFiles/run_motion.dir/src/run_motion_node.cpp.o[0m
[ 53%] [32mBuilding CXX object CMakeFiles/play_motion.dir/src/play_motion_server.cpp.o[0m
[ 61%] [32m[1mLinking CXX executable /home/lounes_bh/tiago_ws/devel/.private/play_motion/lib/play_motion/run_motion[0m
[ 61%] Built target run_motion
[ 69%] [32mBuilding CXX object CMakeFiles/play_motion.dir/src/play_motion.cpp.o[0m
[ 76%] [32mBuilding CXX object CMakeFiles/play_motion.dir/src/move_joint_group.cpp.o[0m
[ 84%] [32mBuilding CXX object CMakeFiles/play_motion.dir/src/controller_updater.cpp.o[0m
[ 92%] [32mBuilding CXX object CMakeFiles/play_motion.dir/src/approach_planner.cpp.o[0m
[01m[K/home/lounes_bh/tiago_ws/src/play_motion/play_motion/src/approach_planner.cpp:[m[K In member function ‘[01m[Kbool play_motion::ApproachPlanner::planApproach(const JointNames&, const std::vector<double>&, play_motion::ApproachPlanner::MoveGroupInterfacePtr, trajectory_msgs::JointTrajectory&)[m[K’:
[01m[K/home/lounes_bh/tiago_ws/src/play_motion/play_motion/src/approach_planner.cpp:414:53:[m[K [01;35m[Kwarning: [m[K‘[01m[Kusing MoveItErrorCode = class moveit::core::MoveItErrorCode[m[K’ is deprecated: Use moveit::core::MoveItErrorCode [[01;35m[K-Wdeprecated-declarations[m[K]
  414 |   const moveit::planning_interface::MoveItErrorCode [01;35m[Kplanning_ok[m[K = move_group->plan(plan);
      |                                                     [01;35m[K^~~~~~~~~~~[m[K
In file included from [01m[K/home/lounes_bh/tiago_ws/src/play_motion/play_motion/src/approach_planner.cpp:48[m[K:
[01m[K/opt/ros/noetic/include/moveit/move_group_interface/move_group_interface.h:64:7:[m[K [01;36m[Knote: [m[Kdeclared here
   64 | using [01;36m[KMoveItErrorCode[m[K [[deprecated("Use moveit::core::MoveItErrorCode")]] = moveit::core::MoveItErrorCode;
      |       [01;36m[K^~~~~~~~~~~~~~~[m[K
[100%] [32m[1mLinking CXX executable /home/lounes_bh/tiago_ws/devel/.private/play_motion/lib/play_motion/play_motion[0m
[100%] Built target play_motion
